<?xml version="1.0" encoding="UTF-8"?>
<!-- Generated by org.testng.reporters.JUnitXMLReporter -->
<testsuite ignored="0" hostname="Lucifer" failures="1" tests="3" name="Test" time="18.524" errors="0" timestamp="2020-12-04T23:09:42 IST">
  <testcase classname="Test.Tests" name="Test_Case_1" time="2.036"/>
  <testcase classname="Test.Tests" name="Test_Case_2" time="7.811"/>
  <testcase classname="Test.Tests" name="Test_Case_3" time="3.132">
    <failure type="java.lang.AssertionError" message="This is required and message should be showing expected [true] but found [false]">
      <![CDATA[java.lang.AssertionError: This is required and message should be showing expected [true] but found [false]
at Test.Page.VerifyFieldsHardAssert(Page.java:126)
at Test.Page.VerifyFieldsLabels(Page.java:106)
at Test.Tests.Test_Case_3(Tests.java:63)
at java.base/java.util.ArrayList.forEach(ArrayList.java:1510)
... Removed 30 stack frames]]>
    </failure>
  </testcase> <!-- Test_Case_3 -->
</testsuite> <!-- Test -->
